<?xml version="1.0" encoding="UTF-8"?>
<!-- Generated by org.testng.reporters.JUnitReportReporter -->
<testsuite hostname="DESKTOP-K1IJUS5" failures="0" tests="1" name="com.automation.tests.Automationscripts" time="8.288" errors="0" timestamp="2024-06-26T11:57:08 EDT" skipped="0">
  <testcase classname="com.automation.tests.Automationscripts" name="checkRememberMe" time="8.288"/>
  <system-out/>
</testsuite> <!-- com.automation.tests.Automationscripts -->
